<?xml version="1.0" encoding="UTF-8"?>
<!-- Generated by org.testng.reporters.JUnitXMLReporter -->
<testsuite ignored="0" hostname="Ragavi" failures="2" tests="3" name="Error Validations Test" time="26.965" errors="0" timestamp="2024-02-29T09:04:29 IST">
  <testcase classname="selenium.Tests.ErrorValidations" name="loginErrorValidation" time="1.397">
    <failure type="java.lang.AssertionError" message="expected [Incorrect email or password.] but found [Incorrect email]">
      <![CDATA[java.lang.AssertionError: expected [Incorrect email or password.] but found [Incorrect email]
at selenium.Tests.ErrorValidations.loginErrorValidation(ErrorValidations.java:22)
at java.base/java.util.ArrayList.forEach(ArrayList.java:1511)
at java.base/java.util.concurrent.FutureTask.run(FutureTask.java:264)
at java.base/java.util.concurrent.ThreadPoolExecutor.runWorker(ThreadPoolExecutor.java:1136)
at java.base/java.util.concurrent.ThreadPoolExecutor$Worker.run(ThreadPoolExecutor.java:635)
at java.base/java.lang.Thread.run(Thread.java:840)
... Removed 24 stack frames]]>
    </failure>
  </testcase> <!-- loginErrorValidation -->
  <testcase classname="selenium.Tests.ErrorValidations" name="prodErrorValidation" time="6.131">
    <skipped/>
  </testcase> <!-- prodErrorValidation -->
  <testcase classname="selenium.Tests.ErrorValidations" name="prodErrorValidation" time="3.851">
    <failure type="java.lang.AssertionError" message="expected [true] but found [false]">
      <![CDATA[java.lang.AssertionError: expected [true] but found [false]
at selenium.Tests.ErrorValidations.prodErrorValidation(ErrorValidations.java:32)
at java.base/java.util.ArrayList.forEach(ArrayList.java:1511)
at java.base/java.util.concurrent.FutureTask.run(FutureTask.java:264)
at java.base/java.util.concurrent.ThreadPoolExecutor.runWorker(ThreadPoolExecutor.java:1136)
at java.base/java.util.concurrent.ThreadPoolExecutor$Worker.run(ThreadPoolExecutor.java:635)
at java.base/java.lang.Thread.run(Thread.java:840)
... Removed 22 stack frames]]>
    </failure>
  </testcase> <!-- prodErrorValidation -->
</testsuite> <!-- Error Validations Test -->
