<?xml version="1.0" encoding="UTF-8"?>
<!-- Generated by org.testng.reporters.JUnitXMLReporter -->
<testsuite ignored="0" hostname="Ragavi" failures="2" tests="3" name="Error Validations Test" time="35.194" errors="0" timestamp="2024-03-05T13:04:48 IST">
  <testcase classname="selenium.Tests.ErrorValidations" name="loginErrorValidation" time="4.352">
    <failure type="java.lang.AssertionError" message="expected [Incorrect email or password.] but found [Incorrect email]">
      <![CDATA[java.lang.AssertionError: expected [Incorrect email or password.] but found [Incorrect email]
at selenium.Tests.ErrorValidations.loginErrorValidation(ErrorValidations.java:22)
at java.base/java.util.ArrayList.forEach(ArrayList.java:1596)
at java.base/java.util.concurrent.FutureTask.run(FutureTask.java:317)
at java.base/java.util.concurrent.ThreadPoolExecutor.runWorker(ThreadPoolExecutor.java:1144)
at java.base/java.util.concurrent.ThreadPoolExecutor$Worker.run(ThreadPoolExecutor.java:642)
at java.base/java.lang.Thread.run(Thread.java:1583)
... Removed 21 stack frames]]>
    </failure>
  </testcase> <!-- loginErrorValidation -->
  <testcase classname="selenium.Tests.ErrorValidations" name="prodErrorValidation" time="5.733">
    <skipped/>
  </testcase> <!-- prodErrorValidation -->
  <testcase classname="selenium.Tests.ErrorValidations" name="prodErrorValidation" time="5.632">
    <failure type="java.lang.AssertionError" message="expected [true] but found [false]">
      <![CDATA[java.lang.AssertionError: expected [true] but found [false]
at selenium.Tests.ErrorValidations.prodErrorValidation(ErrorValidations.java:32)
at java.base/java.util.ArrayList.forEach(ArrayList.java:1596)
at java.base/java.util.concurrent.FutureTask.run(FutureTask.java:317)
at java.base/java.util.concurrent.ThreadPoolExecutor.runWorker(ThreadPoolExecutor.java:1144)
at java.base/java.util.concurrent.ThreadPoolExecutor$Worker.run(ThreadPoolExecutor.java:642)
at java.base/java.lang.Thread.run(Thread.java:1583)
... Removed 19 stack frames]]>
    </failure>
  </testcase> <!-- prodErrorValidation -->
</testsuite> <!-- Error Validations Test -->
